runtime/cgo: pthread_create failed: Resource temporarily unavailable
SIGABRT: abort
PC=0x7f052fcb7acf m=4 sigcode=18446744073709551610

goroutine 0 [idle]:
runtime: g 0: unknown pc 0x7f052fcb7acf
stack: frame={sp:0x7f050369d860, fp:0x0} stack=[0x7f0502e9e278,0x7f050369de78)
0x00007f050369d760:  0x000055a891112260  0x000001280001c635 
0x00007f050369d770:  0x000055a88fc1c8a8 <go.opentelemetry.io/otel/trace.init+0x0000000000000088>  0x00000018002d44e2 
0x00007f050369d780:  0x0000000000000000  0x0000000000000005 
0x00007f050369d790:  0x000000018f10648d  0x000002700008521a 
0x00007f050369d7a0:  0x0000000000000000  0x000000c000596000 
0x00007f050369d7b0:  0x000000c0005d6000  0x0000000000000000 
0x00007f050369d7c0:  0x0000000000000000  0x000000800008b8db 
0x00007f050369d7d0:  0x0000000000000000  0x0000000000000086 
0x00007f050369d7e0:  0x000000c0005d5fd8  0x00007f0530704728 
0x00007f050369d7f0:  0x0000000000040000  0x0000000000000000 
0x00007f050369d800:  0x000055a891112260  0x0000000000000000 
0x00007f050369d810:  0x0000000000000000  0x0000000000040000 
0x00007f050369d820:  0x0000000000000000  0x000055a891112260 
0x00007f050369d830:  0x000055a890d72180  0x0000000000000000 
0x00007f050369d840:  0x0000000000000000  0x000055a88ef36b5f <runtime.(*mheap).allocManual+0x000000000000001f> 
0x00007f050369d850:  0x000055a8911e5bc0  0x0000000000000000 
0x00007f050369d860: <0x0000000000000000  0x000055a88ef600e5 <runtime.stackfree+0x0000000000000145> 
0x00007f050369d870:  0x000000c000596000  0x000055a88ef56d51 <runtime.doInit+0x0000000000000071> 
0x00007f050369d880:  0x000000c0005c2e60  0x000055a88f106e15 <regexp/syntax.(*compiler).quest+0x0000000000000215> 
0x00007f050369d890:  0x000055a891112260  0x00007f05080d8cb8 
0x00007f050369d8a0:  0x0000000000000006  0x0000000000000000 
0x00007f050369d8b0:  0x000000c0005d5fe0  0x000055a88ef79fc1 <runtime.goexit+0x0000000000000001> 
0x00007f050369d8c0:  0x00000000000002e2  0x000055a88f106025 <regexp/syntax.(*compiler).compile+0x0000000000000cc5> 
0x00007f050369d8d0:  0x000002700008521a  0x000055a88ef56d51 <runtime.doInit+0x0000000000000071> 
0x00007f050369d8e0:  0xfffffffe7fffffff  0xffffffffffffffff 
0x00007f050369d8f0:  0xffffffffffffffff  0xffffffffffffffff 
0x00007f050369d900:  0xffffffffffffffff  0xffffffffffffffff 
0x00007f050369d910:  0xffffffffffffffff  0xffffffffffffffff 
0x00007f050369d920:  0xffffffffffffffff  0xffffffffffffffff 
0x00007f050369d930:  0xffffffffffffffff  0xffffffffffffffff 
0x00007f050369d940:  0xffffffffffffffff  0xffffffffffffffff 
0x00007f050369d950:  0xffffffffffffffff  0xffffffffffffffff 
runtime: g 0: unknown pc 0x7f052fcb7acf
stack: frame={sp:0x7f050369d860, fp:0x0} stack=[0x7f0502e9e278,0x7f050369de78)
0x00007f050369d760:  0x000055a891112260  0x000001280001c635 
0x00007f050369d770:  0x000055a88fc1c8a8 <go.opentelemetry.io/otel/trace.init+0x0000000000000088>  0x00000018002d44e2 
0x00007f050369d780:  0x0000000000000000  0x0000000000000005 
0x00007f050369d790:  0x000000018f10648d  0x000002700008521a 
0x00007f050369d7a0:  0x0000000000000000  0x000000c000596000 
0x00007f050369d7b0:  0x000000c0005d6000  0x0000000000000000 
0x00007f050369d7c0:  0x0000000000000000  0x000000800008b8db 
0x00007f050369d7d0:  0x0000000000000000  0x0000000000000086 
0x00007f050369d7e0:  0x000000c0005d5fd8  0x00007f0530704728 
0x00007f050369d7f0:  0x0000000000040000  0x0000000000000000 
0x00007f050369d800:  0x000055a891112260  0x0000000000000000 
0x00007f050369d810:  0x0000000000000000  0x0000000000040000 
0x00007f050369d820:  0x0000000000000000  0x000055a891112260 
0x00007f050369d830:  0x000055a890d72180  0x0000000000000000 
0x00007f050369d840:  0x0000000000000000  0x000055a88ef36b5f <runtime.(*mheap).allocManual+0x000000000000001f> 
0x00007f050369d850:  0x000055a8911e5bc0  0x0000000000000000 
0x00007f050369d860: <0x0000000000000000  0x000055a88ef600e5 <runtime.stackfree+0x0000000000000145> 
0x00007f050369d870:  0x000000c000596000  0x000055a88ef56d51 <runtime.doInit+0x0000000000000071> 
0x00007f050369d880:  0x000000c0005c2e60  0x000055a88f106e15 <regexp/syntax.(*compiler).quest+0x0000000000000215> 
0x00007f050369d890:  0x000055a891112260  0x00007f05080d8cb8 
0x00007f050369d8a0:  0x0000000000000006  0x0000000000000000 
0x00007f050369d8b0:  0x000000c0005d5fe0  0x000055a88ef79fc1 <runtime.goexit+0x0000000000000001> 
0x00007f050369d8c0:  0x00000000000002e2  0x000055a88f106025 <regexp/syntax.(*compiler).compile+0x0000000000000cc5> 
0x00007f050369d8d0:  0x000002700008521a  0x000055a88ef56d51 <runtime.doInit+0x0000000000000071> 
0x00007f050369d8e0:  0xfffffffe7fffffff  0xffffffffffffffff 
0x00007f050369d8f0:  0xffffffffffffffff  0xffffffffffffffff 
0x00007f050369d900:  0xffffffffffffffff  0xffffffffffffffff 
0x00007f050369d910:  0xffffffffffffffff  0xffffffffffffffff 
0x00007f050369d920:  0xffffffffffffffff  0xffffffffffffffff 
0x00007f050369d930:  0xffffffffffffffff  0xffffffffffffffff 
0x00007f050369d940:  0xffffffffffffffff  0xffffffffffffffff 
0x00007f050369d950:  0xffffffffffffffff  0xffffffffffffffff 

goroutine 20 [syscall]:
runtime.notetsleepg(0x0?, 0x0?)
	runtime/lock_futex.go:236 +0x34 fp=0xc00048bfa0 sp=0xc00048bf68 pc=0x55a88ef18294
os/signal.signal_recv()
	runtime/sigqueue.go:152 +0x2f fp=0xc00048bfc0 sp=0xc00048bfa0 pc=0x55a88ef767af
os/signal.loop()
	os/signal/signal_unix.go:23 +0x19 fp=0xc00048bfe0 sp=0xc00048bfc0 pc=0x55a88f753b19
runtime.goexit()
	runtime/asm_amd64.s:1594 +0x1 fp=0xc00048bfe8 sp=0xc00048bfe0 pc=0x55a88ef79fc1
created by os/signal.Notify.func1.1
	os/signal/signal.go:151 +0x2a

goroutine 1 [running]:
	goroutine running on other thread; stack unavailable

goroutine 2 [force gc (idle)]:
runtime.gopark(0x0?, 0x0?, 0x0?, 0x0?, 0x0?)
	runtime/proc.go:363 +0xd6 fp=0xc000084fb0 sp=0xc000084f90 pc=0x55a88ef49d36
runtime.goparkunlock(...)
	runtime/proc.go:369
runtime.forcegchelper()
	runtime/proc.go:302 +0xad fp=0xc000084fe0 sp=0xc000084fb0 pc=0x55a88ef49bcd
runtime.goexit()
	runtime/asm_amd64.s:1594 +0x1 fp=0xc000084fe8 sp=0xc000084fe0 pc=0x55a88ef79fc1
created by runtime.init.6
	runtime/proc.go:290 +0x25

goroutine 3 [GC sweep wait]:
runtime.gopark(0x1?, 0x0?, 0x0?, 0x0?, 0x0?)
	runtime/proc.go:363 +0xd6 fp=0xc000085790 sp=0xc000085770 pc=0x55a88ef49d36
runtime.goparkunlock(...)
	runtime/proc.go:369
runtime.bgsweep(0x0?)
	runtime/mgcsweep.go:297 +0xd7 fp=0xc0000857c8 sp=0xc000085790 pc=0x55a88ef338f7
runtime.gcenable.func1()
	runtime/mgc.go:178 +0x26 fp=0xc0000857e0 sp=0xc0000857c8 pc=0x55a88ef28466
runtime.goexit()
	runtime/asm_amd64.s:1594 +0x1 fp=0xc0000857e8 sp=0xc0000857e0 pc=0x55a88ef79fc1
created by runtime.gcenable
	runtime/mgc.go:178 +0x6b

goroutine 4 [runnable]:
runtime.gopark(0xc0000600e0?, 0x55a8901573c8?, 0x0?, 0x0?, 0x0?)
	runtime/proc.go:363 +0xd6 fp=0xc000085f70 sp=0xc000085f50 pc=0x55a88ef49d36
runtime.goparkunlock(...)
	runtime/proc.go:369
runtime.(*scavengerState).park(0x55a8911caca0)
	runtime/mgcscavenge.go:389 +0x53 fp=0xc000085fa0 sp=0xc000085f70 pc=0x55a88ef318d3
runtime.bgscavenge(0x0?)
	runtime/mgcscavenge.go:622 +0x65 fp=0xc000085fc8 sp=0xc000085fa0 pc=0x55a88ef31ee5
runtime.gcenable.func2()
	runtime/mgc.go:179 +0x26 fp=0xc000085fe0 sp=0xc000085fc8 pc=0x55a88ef28406
runtime.goexit()
	runtime/asm_amd64.s:1594 +0x1 fp=0xc000085fe8 sp=0xc000085fe0 pc=0x55a88ef79fc1
created by runtime.gcenable
	runtime/mgc.go:179 +0xaa

goroutine 5 [finalizer wait]:
runtime.gopark(0x55a8911cbb40?, 0xc000007860?, 0x0?, 0x0?, 0xc000084770?)
	runtime/proc.go:363 +0xd6 fp=0xc000084628 sp=0xc000084608 pc=0x55a88ef49d36
runtime.goparkunlock(...)
	runtime/proc.go:369
runtime.runfinq()
	runtime/mfinal.go:180 +0x10f fp=0xc0000847e0 sp=0xc000084628 pc=0x55a88ef274ef
runtime.goexit()
	runtime/asm_amd64.s:1594 +0x1 fp=0xc0000847e8 sp=0xc0000847e0 pc=0x55a88ef79fc1
created by runtime.createfing
	runtime/mfinal.go:157 +0x45

goroutine 6 [GC worker (idle)]:
runtime.gopark(0x10f72fbce8f6a4?, 0x0?, 0x0?, 0x0?, 0x0?)
	runtime/proc.go:363 +0xd6 fp=0xc000086750 sp=0xc000086730 pc=0x55a88ef49d36
runtime.gcBgMarkWorker()
	runtime/mgc.go:1235 +0xf1 fp=0xc0000867e0 sp=0xc000086750 pc=0x55a88ef2a5d1
runtime.goexit()
	runtime/asm_amd64.s:1594 +0x1 fp=0xc0000867e8 sp=0xc0000867e0 pc=0x55a88ef79fc1
created by runtime.gcBgMarkStartWorkers
	runtime/mgc.go:1159 +0x25

goroutine 18 [GC worker (idle)]:
runtime.gopark(0x10f72fbce8ea47?, 0x0?, 0x0?, 0x0?, 0x0?)
	runtime/proc.go:363 +0xd6 fp=0xc000080750 sp=0xc000080730 pc=0x55a88ef49d36
runtime.gcBgMarkWorker()
	runtime/mgc.go:1235 +0xf1 fp=0xc0000807e0 sp=0xc000080750 pc=0x55a88ef2a5d1
runtime.goexit()
	runtime/asm_amd64.s:1594 +0x1 fp=0xc0000807e8 sp=0xc0000807e0 pc=0x55a88ef79fc1
created by runtime.gcBgMarkStartWorkers
	runtime/mgc.go:1159 +0x25

goroutine 8 [select, locked to thread]:
runtime.gopark(0xc0000817a8?, 0x2?, 0xb7?, 0xa0?, 0xc0000817a4?)
	runtime/proc.go:363 +0xd6 fp=0xc000081618 sp=0xc0000815f8 pc=0x55a88ef49d36
runtime.selectgo(0xc0000817a8, 0xc0000817a0, 0x0?, 0x0, 0x0?, 0x1)
	runtime/select.go:328 +0x7bc fp=0xc000081758 sp=0xc000081618 pc=0x55a88ef59a5c
runtime.ensureSigM.func1()
	runtime/signal_unix.go:995 +0x1b4 fp=0xc0000817e0 sp=0xc000081758 pc=0x55a88ef5deb4
runtime.goexit()
	runtime/asm_amd64.s:1594 +0x1 fp=0xc0000817e8 sp=0xc0000817e0 pc=0x55a88ef79fc1
created by runtime.ensureSigM
	runtime/signal_unix.go:978 +0xbd

goroutine 21 [runnable]:
github.com/sylabs/singularity/cmd/internal/cli.ExecuteSingularity.func2()
	github.com/sylabs/singularity/cmd/internal/cli/singularity.go:462 fp=0xc000081fe0 sp=0xc000081fd8 pc=0x55a88fdf9920
runtime.goexit()
	runtime/asm_amd64.s:1594 +0x1 fp=0xc000081fe8 sp=0xc000081fe0 pc=0x55a88ef79fc1
created by github.com/sylabs/singularity/cmd/internal/cli.ExecuteSingularity
	github.com/sylabs/singularity/cmd/internal/cli/singularity.go:462 +0x21f

rax    0x0
rbx    0x6
rcx    0x7f052fcb7acf
rdx    0x0
rdi    0x2
rsi    0x7f050369d860
rbp    0x55a890177e48
rsp    0x7f050369d860
r8     0x0
r9     0x7f050369d860
r10    0x8
r11    0x246
r12    0x55a891b8c580
r13    0x178
r14    0xc000007520
r15    0x7f0508a72227
rip    0x7f052fcb7acf
rflags 0x246
cs     0x33
fs     0x0
gs     0x0
runtime/cgo: pthread_create failed: Resource temporarily unavailable
SIGABRT: abort
PC=0x7f0e9b819acf m=6 sigcode=18446744073709551610

goroutine 0 [idle]:
runtime: g 0: unknown pc 0x7f0e9b819acf
stack: frame={sp:0x7f0e71c12860, fp:0x0} stack=[0x7f0e71413278,0x7f0e71c12e78)
0x00007f0e71c12760:  0x000055dceb733260  0x000001280001c635 
0x00007f0e71c12770:  0x000055dce9fd025c <github.com/docker/distribution/reference.anchored+0x000000000000007c>  0x000000480025ec66 
0x00007f0e71c12780:  0x000000dce972df4f  0x0000006800087205 
0x00007f0e71c12790:  0x000055dce9563b7c <runtime.netpoll+0x00000000000000dc>  0x0000007000000003 
0x00007f0e71c127a0:  0x00007f0e71c127e8  0x0000000000000080 
0x00007f0e71c127b0:  0x000000c000000000  0x0000000000000000 
0x00007f0e71c127c0:  0x0000000000000000  0x0000000000000000 
0x00007f0e71c127d0:  0x0000000000000000  0x0000000000000002 
0x00007f0e71c127e0:  0x000000c0000807d8  0x0000000000000000 
0x00007f0e71c127f0:  0x0000000000000000  0x0000000000000000 
0x00007f0e71c12800:  0x0000000000000000  0x0000000000000000 
0x00007f0e71c12810:  0x0000000000000000  0x0000000000000000 
0x00007f0e71c12820:  0x0000000000000000  0x0000000000000000 
0x00007f0e71c12830:  0x0000000000000000  0x0000000000000000 
0x00007f0e71c12840:  0x0000000000000000  0x0000000000000000 
0x00007f0e71c12850:  0x0000000000000000  0x0000000000000000 
0x00007f0e71c12860: <0x0000000000000000  0x0000000000000000 
0x00007f0e71c12870:  0x0000000000000000  0x0000000000000000 
0x00007f0e71c12880:  0x0000000000000000  0x0000000000000000 
0x00007f0e71c12890:  0x0000000000000000  0x0000000000000000 
0x00007f0e71c128a0:  0x0000000000000000  0x0000000000000000 
0x00007f0e71c128b0:  0x0000000000000000  0x0000000000000000 
0x00007f0e71c128c0:  0x0000000000000000  0x0000000000000000 
0x00007f0e71c128d0:  0x0000000000000000  0x0000000000000000 
0x00007f0e71c128e0:  0xfffffffe7fffffff  0xffffffffffffffff 
0x00007f0e71c128f0:  0xffffffffffffffff  0xffffffffffffffff 
0x00007f0e71c12900:  0xffffffffffffffff  0xffffffffffffffff 
0x00007f0e71c12910:  0xffffffffffffffff  0xffffffffffffffff 
0x00007f0e71c12920:  0xffffffffffffffff  0xffffffffffffffff 
0x00007f0e71c12930:  0xffffffffffffffff  0xffffffffffffffff 
0x00007f0e71c12940:  0xffffffffffffffff  0xffffffffffffffff 
0x00007f0e71c12950:  0xffffffffffffffff  0xffffffffffffffff 
runtime: g 0: unknown pc 0x7f0e9b819acf
stack: frame={sp:0x7f0e71c12860, fp:0x0} stack=[0x7f0e71413278,0x7f0e71c12e78)
0x00007f0e71c12760:  0x000055dceb733260  0x000001280001c635 
0x00007f0e71c12770:  0x000055dce9fd025c <github.com/docker/distribution/reference.anchored+0x000000000000007c>  0x000000480025ec66 
0x00007f0e71c12780:  0x000000dce972df4f  0x0000006800087205 
0x00007f0e71c12790:  0x000055dce9563b7c <runtime.netpoll+0x00000000000000dc>  0x0000007000000003 
0x00007f0e71c127a0:  0x00007f0e71c127e8  0x0000000000000080 
0x00007f0e71c127b0:  0x000000c000000000  0x0000000000000000 
0x00007f0e71c127c0:  0x0000000000000000  0x0000000000000000 
0x00007f0e71c127d0:  0x0000000000000000  0x0000000000000002 
0x00007f0e71c127e0:  0x000000c0000807d8  0x0000000000000000 
0x00007f0e71c127f0:  0x0000000000000000  0x0000000000000000 
0x00007f0e71c12800:  0x0000000000000000  0x0000000000000000 
0x00007f0e71c12810:  0x0000000000000000  0x0000000000000000 
0x00007f0e71c12820:  0x0000000000000000  0x0000000000000000 
0x00007f0e71c12830:  0x0000000000000000  0x0000000000000000 
0x00007f0e71c12840:  0x0000000000000000  0x0000000000000000 
0x00007f0e71c12850:  0x0000000000000000  0x0000000000000000 
0x00007f0e71c12860: <0x0000000000000000  0x0000000000000000 
0x00007f0e71c12870:  0x0000000000000000  0x0000000000000000 
0x00007f0e71c12880:  0x0000000000000000  0x0000000000000000 
0x00007f0e71c12890:  0x0000000000000000  0x0000000000000000 
0x00007f0e71c128a0:  0x0000000000000000  0x0000000000000000 
0x00007f0e71c128b0:  0x0000000000000000  0x0000000000000000 
0x00007f0e71c128c0:  0x0000000000000000  0x0000000000000000 
0x00007f0e71c128d0:  0x0000000000000000  0x0000000000000000 
0x00007f0e71c128e0:  0xfffffffe7fffffff  0xffffffffffffffff 
0x00007f0e71c128f0:  0xffffffffffffffff  0xffffffffffffffff 
0x00007f0e71c12900:  0xffffffffffffffff  0xffffffffffffffff 
0x00007f0e71c12910:  0xffffffffffffffff  0xffffffffffffffff 
0x00007f0e71c12920:  0xffffffffffffffff  0xffffffffffffffff 
0x00007f0e71c12930:  0xffffffffffffffff  0xffffffffffffffff 
0x00007f0e71c12940:  0xffffffffffffffff  0xffffffffffffffff 
0x00007f0e71c12950:  0xffffffffffffffff  0xffffffffffffffff 

goroutine 9 [syscall]:
runtime.notetsleepg(0x0?, 0x0?)
	runtime/lock_futex.go:236 +0x34 fp=0xc0000827a0 sp=0xc000082768 pc=0x55dce9539294
os/signal.signal_recv()
	runtime/sigqueue.go:152 +0x2f fp=0xc0000827c0 sp=0xc0000827a0 pc=0x55dce95977af
os/signal.loop()
	os/signal/signal_unix.go:23 +0x19 fp=0xc0000827e0 sp=0xc0000827c0 pc=0x55dce9d74b19
runtime.goexit()
	runtime/asm_amd64.s:1594 +0x1 fp=0xc0000827e8 sp=0xc0000827e0 pc=0x55dce959afc1
created by os/signal.Notify.func1.1
	os/signal/signal.go:151 +0x2a

goroutine 1 [running]:
	goroutine running on other thread; stack unavailable

goroutine 2 [force gc (idle)]:
runtime.gopark(0x0?, 0x0?, 0x0?, 0x0?, 0x0?)
	runtime/proc.go:363 +0xd6 fp=0xc000084fb0 sp=0xc000084f90 pc=0x55dce956ad36
runtime.goparkunlock(...)
	runtime/proc.go:369
runtime.forcegchelper()
	runtime/proc.go:302 +0xad fp=0xc000084fe0 sp=0xc000084fb0 pc=0x55dce956abcd
runtime.goexit()
	runtime/asm_amd64.s:1594 +0x1 fp=0xc000084fe8 sp=0xc000084fe0 pc=0x55dce959afc1
created by runtime.init.6
	runtime/proc.go:290 +0x25

goroutine 3 [GC sweep wait]:
runtime.gopark(0x1?, 0x0?, 0x0?, 0x0?, 0x0?)
	runtime/proc.go:363 +0xd6 fp=0xc000085790 sp=0xc000085770 pc=0x55dce956ad36
runtime.goparkunlock(...)
	runtime/proc.go:369
runtime.bgsweep(0x0?)
	runtime/mgcsweep.go:297 +0xd7 fp=0xc0000857c8 sp=0xc000085790 pc=0x55dce95548f7
runtime.gcenable.func1()
	runtime/mgc.go:178 +0x26 fp=0xc0000857e0 sp=0xc0000857c8 pc=0x55dce9549466
runtime.goexit()
	runtime/asm_amd64.s:1594 +0x1 fp=0xc0000857e8 sp=0xc0000857e0 pc=0x55dce959afc1
created by runtime.gcenable
	runtime/mgc.go:178 +0x6b

goroutine 4 [runnable]:
runtime.gopark(0xc0000600e0?, 0x55dcea7783c8?, 0x0?, 0x0?, 0x0?)
	runtime/proc.go:363 +0xd6 fp=0xc000085f70 sp=0xc000085f50 pc=0x55dce956ad36
runtime.goparkunlock(...)
	runtime/proc.go:369
runtime.(*scavengerState).park(0x55dceb7ebca0)
	runtime/mgcscavenge.go:389 +0x53 fp=0xc000085fa0 sp=0xc000085f70 pc=0x55dce95528d3
runtime.bgscavenge(0x0?)
	runtime/mgcscavenge.go:622 +0x65 fp=0xc000085fc8 sp=0xc000085fa0 pc=0x55dce9552ee5
runtime.gcenable.func2()
	runtime/mgc.go:179 +0x26 fp=0xc000085fe0 sp=0xc000085fc8 pc=0x55dce9549406
runtime.goexit()
	runtime/asm_amd64.s:1594 +0x1 fp=0xc000085fe8 sp=0xc000085fe0 pc=0x55dce959afc1
created by runtime.gcenable
	runtime/mgc.go:179 +0xaa

goroutine 5 [finalizer wait]:
runtime.gopark(0x55dceb7ecb40?, 0xc000007860?, 0x0?, 0x0?, 0xc000084770?)
	runtime/proc.go:363 +0xd6 fp=0xc000084628 sp=0xc000084608 pc=0x55dce956ad36
runtime.goparkunlock(...)
	runtime/proc.go:369
runtime.runfinq()
	runtime/mfinal.go:180 +0x10f fp=0xc0000847e0 sp=0xc000084628 pc=0x55dce95484ef
runtime.goexit()
	runtime/asm_amd64.s:1594 +0x1 fp=0xc0000847e8 sp=0xc0000847e0 pc=0x55dce959afc1
created by runtime.createfing
	runtime/mfinal.go:157 +0x45

goroutine 6 [GC worker (idle)]:
runtime.gopark(0x10f72fcbc03388?, 0x0?, 0x0?, 0x0?, 0x0?)
	runtime/proc.go:363 +0xd6 fp=0xc000086750 sp=0xc000086730 pc=0x55dce956ad36
runtime.gcBgMarkWorker()
	runtime/mgc.go:1235 +0xf1 fp=0xc0000867e0 sp=0xc000086750 pc=0x55dce954b5d1
runtime.goexit()
	runtime/asm_amd64.s:1594 +0x1 fp=0xc0000867e8 sp=0xc0000867e0 pc=0x55dce959afc1
created by runtime.gcBgMarkStartWorkers
	runtime/mgc.go:1159 +0x25

goroutine 18 [GC worker (idle)]:
runtime.gopark(0x10f72fcbbfee10?, 0x0?, 0x0?, 0x0?, 0x0?)
	runtime/proc.go:363 +0xd6 fp=0xc000080750 sp=0xc000080730 pc=0x55dce956ad36
runtime.gcBgMarkWorker()
	runtime/mgc.go:1235 +0xf1 fp=0xc0000807e0 sp=0xc000080750 pc=0x55dce954b5d1
runtime.goexit()
	runtime/asm_amd64.s:1594 +0x1 fp=0xc0000807e8 sp=0xc0000807e0 pc=0x55dce959afc1
created by runtime.gcBgMarkStartWorkers
	runtime/mgc.go:1159 +0x25

goroutine 8 [select, locked to thread]:
runtime.gopark(0xc0000817a8?, 0x2?, 0xb7?, 0xb0?, 0xc0000817a4?)
	runtime/proc.go:363 +0xd6 fp=0xc000081618 sp=0xc0000815f8 pc=0x55dce956ad36
runtime.selectgo(0xc0000817a8, 0xc0000817a0, 0x0?, 0x0, 0x0?, 0x1)
	runtime/select.go:328 +0x7bc fp=0xc000081758 sp=0xc000081618 pc=0x55dce957aa5c
runtime.ensureSigM.func1()
	runtime/signal_unix.go:995 +0x1b4 fp=0xc0000817e0 sp=0xc000081758 pc=0x55dce957eeb4
runtime.goexit()
	runtime/asm_amd64.s:1594 +0x1 fp=0xc0000817e8 sp=0xc0000817e0 pc=0x55dce959afc1
created by runtime.ensureSigM
	runtime/signal_unix.go:978 +0xbd

goroutine 10 [runnable]:
github.com/sylabs/singularity/cmd/internal/cli.ExecuteSingularity.func2()
	github.com/sylabs/singularity/cmd/internal/cli/singularity.go:462 fp=0xc000082fe0 sp=0xc000082fd8 pc=0x55dcea41a920
runtime.goexit()
	runtime/asm_amd64.s:1594 +0x1 fp=0xc000082fe8 sp=0xc000082fe0 pc=0x55dce959afc1
created by github.com/sylabs/singularity/cmd/internal/cli.ExecuteSingularity
	github.com/sylabs/singularity/cmd/internal/cli/singularity.go:462 +0x21f

rax    0x0
rbx    0x6
rcx    0x7f0e9b819acf
rdx    0x0
rdi    0x2
rsi    0x7f0e71c12860
rbp    0x55dcea798e48
rsp    0x7f0e71c12860
r8     0x0
r9     0x7f0e71c12860
r10    0x8
r11    0x246
r12    0x55dcebf607d0
r13    0x178
r14    0xc0003491e0
r15    0x7f0e745c0d34
rip    0x7f0e9b819acf
rflags 0x246
cs     0x33
fs     0x0
gs     0x0
runtime/cgo: pthread_create failed: Resource temporarily unavailable
SIGABRT: abort
PC=0x7fd8743b2acf m=6 sigcode=18446744073709551610

goroutine 0 [idle]:
runtime: g 0: unknown pc 0x7fd8743b2acf
stack: frame={sp:0x7fd846de4860, fp:0x0} stack=[0x7fd8465e5278,0x7fd846de4e78)
0x00007fd846de4760:  0x000055fab8d1c260  0x000001280001c635 
0x00007fd846de4770:  0x0000000000000000  0x0000000000000000 
0x00007fd846de4780:  0x000000fab6d1fbcb  0x0000010800089705 
0x00007fd846de4790:  0x00000001b6b23adb  0x0000000000004a05 
0x00007fd846de47a0:  0x000055fab78268a8 <go.opentelemetry.io/otel/trace.init+0x0000000000000088>  0x000000c000580000 
0x00007fd846de47b0:  0x000000c0005c0000  0x000001080008978b 
0x00007fd846de47c0:  0x0000000000000000  0x0000000000000000 
0x00007fd846de47d0:  0x0000000000000000  0x0000000000000015 
0x00007fd846de47e0:  0x000000c0005bffd8  0x00007fd84c6e9168 
0x00007fd846de47f0:  0x0000000000040000  0x0000000000000000 
0x00007fd846de4800:  0x000055fab8d1c260  0x0000000000000000 
0x00007fd846de4810:  0x0000000000000000  0x0000000000040000 
0x00007fd846de4820:  0x0000000000000000  0x000055fab8d1c260 
0x00007fd846de4830:  0x000055fab897c180  0x0000000000000000 
0x00007fd846de4840:  0x0000000000000000  0x000055fab6b40b5f <runtime.(*mheap).allocManual+0x000000000000001f> 
0x00007fd846de4850:  0x000055fab8defbc0  0x0000000000000000 
0x00007fd846de4860: <0x0000000000000000  0x000055fab6b6a0e5 <runtime.stackfree+0x0000000000000145> 
0x00007fd846de4870:  0x000000c000580000  0x000055fab6b60d51 <runtime.doInit+0x0000000000000071> 
0x00007fd846de4880:  0x000000c0005bec18  0x000055fab6b23adb <runtime.newobject+0x000000000000003b> 
0x00007fd846de4890:  0x000055fab8d1c260  0x00007fd84c6ea3f8 
0x00007fd846de48a0:  0x0000000000000006  0x0000000000000000 
0x00007fd846de48b0:  0x000000c0005bffe0  0x000055fab6b83fc1 <runtime.goexit+0x0000000000000001> 
0x00007fd846de48c0:  0x00000000000002e2  0x000055fab6b53934 <runtime.main+0x00000000000001d4> 
0x00007fd846de48d0:  0x0000005800017329  0x000055fab6d29bf1 <regexp.MustCompile+0x0000000000000031> 
0x00007fd846de48e0:  0xfffffffe7fffffff  0xffffffffffffffff 
0x00007fd846de48f0:  0xffffffffffffffff  0xffffffffffffffff 
0x00007fd846de4900:  0xffffffffffffffff  0xffffffffffffffff 
0x00007fd846de4910:  0xffffffffffffffff  0xffffffffffffffff 
0x00007fd846de4920:  0xffffffffffffffff  0xffffffffffffffff 
0x00007fd846de4930:  0xffffffffffffffff  0xffffffffffffffff 
0x00007fd846de4940:  0xffffffffffffffff  0xffffffffffffffff 
0x00007fd846de4950:  0xffffffffffffffff  0xffffffffffffffff 
runtime: g 0: unknown pc 0x7fd8743b2acf
stack: frame={sp:0x7fd846de4860, fp:0x0} stack=[0x7fd8465e5278,0x7fd846de4e78)
0x00007fd846de4760:  0x000055fab8d1c260  0x000001280001c635 
0x00007fd846de4770:  0x0000000000000000  0x0000000000000000 
0x00007fd846de4780:  0x000000fab6d1fbcb  0x0000010800089705 
0x00007fd846de4790:  0x00000001b6b23adb  0x0000000000004a05 
0x00007fd846de47a0:  0x000055fab78268a8 <go.opentelemetry.io/otel/trace.init+0x0000000000000088>  0x000000c000580000 
0x00007fd846de47b0:  0x000000c0005c0000  0x000001080008978b 
0x00007fd846de47c0:  0x0000000000000000  0x0000000000000000 
0x00007fd846de47d0:  0x0000000000000000  0x0000000000000015 
0x00007fd846de47e0:  0x000000c0005bffd8  0x00007fd84c6e9168 
0x00007fd846de47f0:  0x0000000000040000  0x0000000000000000 
0x00007fd846de4800:  0x000055fab8d1c260  0x0000000000000000 
0x00007fd846de4810:  0x0000000000000000  0x0000000000040000 
0x00007fd846de4820:  0x0000000000000000  0x000055fab8d1c260 
0x00007fd846de4830:  0x000055fab897c180  0x0000000000000000 
0x00007fd846de4840:  0x0000000000000000  0x000055fab6b40b5f <runtime.(*mheap).allocManual+0x000000000000001f> 
0x00007fd846de4850:  0x000055fab8defbc0  0x0000000000000000 
0x00007fd846de4860: <0x0000000000000000  0x000055fab6b6a0e5 <runtime.stackfree+0x0000000000000145> 
0x00007fd846de4870:  0x000000c000580000  0x000055fab6b60d51 <runtime.doInit+0x0000000000000071> 
0x00007fd846de4880:  0x000000c0005bec18  0x000055fab6b23adb <runtime.newobject+0x000000000000003b> 
0x00007fd846de4890:  0x000055fab8d1c260  0x00007fd84c6ea3f8 
0x00007fd846de48a0:  0x0000000000000006  0x0000000000000000 
0x00007fd846de48b0:  0x000000c0005bffe0  0x000055fab6b83fc1 <runtime.goexit+0x0000000000000001> 
0x00007fd846de48c0:  0x00000000000002e2  0x000055fab6b53934 <runtime.main+0x00000000000001d4> 
0x00007fd846de48d0:  0x0000005800017329  0x000055fab6d29bf1 <regexp.MustCompile+0x0000000000000031> 
0x00007fd846de48e0:  0xfffffffe7fffffff  0xffffffffffffffff 
0x00007fd846de48f0:  0xffffffffffffffff  0xffffffffffffffff 
0x00007fd846de4900:  0xffffffffffffffff  0xffffffffffffffff 
0x00007fd846de4910:  0xffffffffffffffff  0xffffffffffffffff 
0x00007fd846de4920:  0xffffffffffffffff  0xffffffffffffffff 
0x00007fd846de4930:  0xffffffffffffffff  0xffffffffffffffff 
0x00007fd846de4940:  0xffffffffffffffff  0xffffffffffffffff 
0x00007fd846de4950:  0xffffffffffffffff  0xffffffffffffffff 

goroutine 23 [syscall]:
runtime.notetsleepg(0x55fab6b5ad25?, 0xc000086fd0?)
	runtime/lock_futex.go:236 +0x34 fp=0xc000086fa0 sp=0xc000086f68 pc=0x55fab6b22294
os/signal.signal_recv()
	runtime/sigqueue.go:152 +0x2f fp=0xc000086fc0 sp=0xc000086fa0 pc=0x55fab6b807af
os/signal.loop()
	os/signal/signal_unix.go:23 +0x19 fp=0xc000086fe0 sp=0xc000086fc0 pc=0x55fab735db19
runtime.goexit()
	runtime/asm_amd64.s:1594 +0x1 fp=0xc000086fe8 sp=0xc000086fe0 pc=0x55fab6b83fc1
created by os/signal.Notify.func1.1
	os/signal/signal.go:151 +0x2a

goroutine 1 [running]:
	goroutine running on other thread; stack unavailable

goroutine 2 [force gc (idle)]:
runtime.gopark(0x0?, 0x0?, 0x0?, 0x0?, 0x0?)
	runtime/proc.go:363 +0xd6 fp=0xc000084fb0 sp=0xc000084f90 pc=0x55fab6b53d36
runtime.goparkunlock(...)
	runtime/proc.go:369
runtime.forcegchelper()
	runtime/proc.go:302 +0xad fp=0xc000084fe0 sp=0xc000084fb0 pc=0x55fab6b53bcd
runtime.goexit()
	runtime/asm_amd64.s:1594 +0x1 fp=0xc000084fe8 sp=0xc000084fe0 pc=0x55fab6b83fc1
created by runtime.init.6
	runtime/proc.go:290 +0x25

goroutine 18 [GC sweep wait]:
runtime.gopark(0x1?, 0x0?, 0x0?, 0x0?, 0x0?)
	runtime/proc.go:363 +0xd6 fp=0xc000080790 sp=0xc000080770 pc=0x55fab6b53d36
runtime.goparkunlock(...)
	runtime/proc.go:369
runtime.bgsweep(0x0?)
	runtime/mgcsweep.go:297 +0xd7 fp=0xc0000807c8 sp=0xc000080790 pc=0x55fab6b3d8f7
runtime.gcenable.func1()
	runtime/mgc.go:178 +0x26 fp=0xc0000807e0 sp=0xc0000807c8 pc=0x55fab6b32466
runtime.goexit()
	runtime/asm_amd64.s:1594 +0x1 fp=0xc0000807e8 sp=0xc0000807e0 pc=0x55fab6b83fc1
created by runtime.gcenable
	runtime/mgc.go:178 +0x6b

goroutine 19 [runnable]:
runtime.gopark(0xc000100000?, 0x55fab7d613c8?, 0x0?, 0x0?, 0x0?)
	runtime/proc.go:363 +0xd6 fp=0xc000080f70 sp=0xc000080f50 pc=0x55fab6b53d36
runtime.goparkunlock(...)
	runtime/proc.go:369
runtime.(*scavengerState).park(0x55fab8dd4ca0)
	runtime/mgcscavenge.go:389 +0x53 fp=0xc000080fa0 sp=0xc000080f70 pc=0x55fab6b3b8d3
runtime.bgscavenge(0x0?)
	runtime/mgcscavenge.go:622 +0x65 fp=0xc000080fc8 sp=0xc000080fa0 pc=0x55fab6b3bee5
runtime.gcenable.func2()
	runtime/mgc.go:179 +0x26 fp=0xc000080fe0 sp=0xc000080fc8 pc=0x55fab6b32406
runtime.goexit()
	runtime/asm_amd64.s:1594 +0x1 fp=0xc000080fe8 sp=0xc000080fe0 pc=0x55fab6b83fc1
created by runtime.gcenable
	runtime/mgc.go:179 +0xaa

goroutine 20 [finalizer wait]:
runtime.gopark(0x55fab8dd5b40?, 0xc0001044e0?, 0x0?, 0x0?, 0xc000084770?)
	runtime/proc.go:363 +0xd6 fp=0xc000084628 sp=0xc000084608 pc=0x55fab6b53d36
runtime.goparkunlock(...)
	runtime/proc.go:369
runtime.runfinq()
	runtime/mfinal.go:180 +0x10f fp=0xc0000847e0 sp=0xc000084628 pc=0x55fab6b314ef
runtime.goexit()
	runtime/asm_amd64.s:1594 +0x1 fp=0xc0000847e8 sp=0xc0000847e0 pc=0x55fab6b83fc1
created by runtime.createfing
	runtime/mfinal.go:157 +0x45

goroutine 21 [GC worker (idle)]:
runtime.gopark(0x10f72fdab34f80?, 0x0?, 0x0?, 0x0?, 0x0?)
	runtime/proc.go:363 +0xd6 fp=0xc000081750 sp=0xc000081730 pc=0x55fab6b53d36
runtime.gcBgMarkWorker()
	runtime/mgc.go:1235 +0xf1 fp=0xc0000817e0 sp=0xc000081750 pc=0x55fab6b345d1
runtime.goexit()
	runtime/asm_amd64.s:1594 +0x1 fp=0xc0000817e8 sp=0xc0000817e0 pc=0x55fab6b83fc1
created by runtime.gcBgMarkStartWorkers
	runtime/mgc.go:1159 +0x25

goroutine 3 [GC worker (idle)]:
runtime.gopark(0x10f72fdab38dc0?, 0x0?, 0x0?, 0x0?, 0x0?)
	runtime/proc.go:363 +0xd6 fp=0xc000085750 sp=0xc000085730 pc=0x55fab6b53d36
runtime.gcBgMarkWorker()
	runtime/mgc.go:1235 +0xf1 fp=0xc0000857e0 sp=0xc000085750 pc=0x55fab6b345d1
runtime.goexit()
	runtime/asm_amd64.s:1594 +0x1 fp=0xc0000857e8 sp=0xc0000857e0 pc=0x55fab6b83fc1
created by runtime.gcBgMarkStartWorkers
	runtime/mgc.go:1159 +0x25

goroutine 5 [select, locked to thread]:
runtime.gopark(0xc0000867a8?, 0x2?, 0xb7?, 0x40?, 0xc0000867a4?)
	runtime/proc.go:363 +0xd6 fp=0xc000086618 sp=0xc0000865f8 pc=0x55fab6b53d36
runtime.selectgo(0xc0000867a8, 0xc0000867a0, 0x0?, 0x0, 0x0?, 0x1)
	runtime/select.go:328 +0x7bc fp=0xc000086758 sp=0xc000086618 pc=0x55fab6b63a5c
runtime.ensureSigM.func1()
	runtime/signal_unix.go:995 +0x1b4 fp=0xc0000867e0 sp=0xc000086758 pc=0x55fab6b67eb4
runtime.goexit()
	runtime/asm_amd64.s:1594 +0x1 fp=0xc0000867e8 sp=0xc0000867e0 pc=0x55fab6b83fc1
created by runtime.ensureSigM
	runtime/signal_unix.go:978 +0xbd

goroutine 24 [runnable]:
github.com/sylabs/singularity/cmd/internal/cli.ExecuteSingularity.func2()
	github.com/sylabs/singularity/cmd/internal/cli/singularity.go:462 fp=0xc0003acfe0 sp=0xc0003acfd8 pc=0x55fab7a03920
runtime.goexit()
	runtime/asm_amd64.s:1594 +0x1 fp=0xc0003acfe8 sp=0xc0003acfe0 pc=0x55fab6b83fc1
created by github.com/sylabs/singularity/cmd/internal/cli.ExecuteSingularity
	github.com/sylabs/singularity/cmd/internal/cli/singularity.go:462 +0x21f

rax    0x0
rbx    0x6
rcx    0x7fd8743b2acf
rdx    0x0
rdi    0x2
rsi    0x7fd846de4860
rbp    0x55fab7d81e48
rsp    0x7fd846de4860
r8     0x0
r9     0x7fd846de4860
r10    0x8
r11    0x246
r12    0x55fabad457d0
r13    0x178
r14    0xc0004b4000
r15    0x7fd84d178ad0
rip    0x7fd8743b2acf
rflags 0x246
cs     0x33
fs     0x0
gs     0x0
