Loading required package: ggplot2
Loading required package: lattice
Loading required package: lpSolveAPI
Loading required package: ucminf
Loading required package: quadprog

Attaching package: ‘dplyr’

The following objects are masked from ‘package:stats’:

    filter, lag

The following objects are masked from ‘package:base’:

    intersect, setdiff, setequal, union

Error in dea.boot(tech_xmat, tech_ymat, NREP = 200, ORIENTATION = "out",  : 
  The range of efficiencies is degenrate, 'dea.boot' stops.
In addition: There were 14 warnings (use warnings() to see them)
Execution halted
Loading required package: ggplot2
Loading required package: lattice
Loading required package: lpSolveAPI
Loading required package: ucminf
Loading required package: quadprog

Attaching package: ‘dplyr’

The following objects are masked from ‘package:stats’:

    filter, lag

The following objects are masked from ‘package:base’:

    intersect, setdiff, setequal, union

Error in table(data, reference, dnn = dnn, ...) : 
  all arguments must have the same length
Calls: efficiency_estimation ... confusionMatrix -> confusionMatrix.default -> table
In addition: There were 50 or more warnings (use warnings() to see the first 50)
Execution halted
Loading required package: ggplot2
Loading required package: lattice
Loading required package: lpSolveAPI
Loading required package: ucminf
Loading required package: quadprog

Attaching package: ‘dplyr’

The following objects are masked from ‘package:stats’:

    filter, lag

The following objects are masked from ‘package:base’:

    intersect, setdiff, setequal, union

Error in dea.boot(tech_xmat, tech_ymat, NREP = 200, ORIENTATION = "out",  : 
  The dea calculation has NA values for firms 15.
For bootstrap either remove these firms from the data, use a (another) scaling
of the data, or use a scaling option using CONTROL, cf. the manual for 'dea'.
In addition: There were 21 warnings (use warnings() to see them)
Execution halted
